01:05:55:679  INFO 2800 --- [main] com.hmall.cart.CartApplication           : Starting CartApplication using Java 11.0.26 on LSY-631 with PID 2800 (G:\JavaProjects\heimall\hmall\cart-service\target\classes started by 631 in G:\JavaProjects\heimall\hmall)
01:05:55:683 DEBUG 2800 --- [main] com.hmall.cart.CartApplication           : Running with Spring Boot v2.7.12, Spring v5.3.27
01:05:55:684  INFO 2800 --- [main] com.hmall.cart.CartApplication           : The following 1 profile is active: "local"
01:05:56:681  INFO 2800 --- [main] o.s.cloud.context.scope.GenericScope     : BeanFactory id=d05930e0-5ac6-3765-92f1-cfd0008b4c6b
01:05:56:964  INFO 2800 --- [main] o.s.b.w.embedded.tomcat.TomcatWebServer  : Tomcat initialized with port(s): 8082 (http)
01:05:56:964  INFO 2800 --- [main] o.a.catalina.core.AprLifecycleListener   : Loaded Apache Tomcat Native library [2.0.7] using APR version [1.7.4].
01:05:56:965  INFO 2800 --- [main] o.a.catalina.core.AprLifecycleListener   : APR capabilities: IPv6 [true], sendfile [true], accept filters [false], random [true], UDS [true].
01:05:56:965  INFO 2800 --- [main] o.a.catalina.core.AprLifecycleListener   : APR/OpenSSL configuration: useAprConnector [false], useOpenSSL [true]
01:05:56:969  INFO 2800 --- [main] o.a.catalina.core.AprLifecycleListener   : OpenSSL successfully initialized [OpenSSL 3.0.13 30 Jan 2024]
01:05:56:976  INFO 2800 --- [main] o.apache.catalina.core.StandardService   : Starting service [Tomcat]
01:05:56:976  INFO 2800 --- [main] org.apache.catalina.core.StandardEngine  : Starting Servlet engine: [Apache Tomcat/9.0.75]
01:05:57:123  INFO 2800 --- [main] o.a.c.c.C.[Tomcat].[localhost].[/]       : Initializing Spring embedded WebApplicationContext
01:05:57:124  INFO 2800 --- [main] w.s.c.ServletWebServerApplicationContext : Root WebApplicationContext: initialization completed in 1396 ms
01:05:57:303  INFO 2800 --- [main] o.s.c.openfeign.FeignClientFactoryBean   : For 'item-service' URL not provided. Will try picking an instance via load-balancing.
01:05:59:886  INFO 2800 --- [main] pertySourcedRequestMappingHandlerMapping : Mapped URL path [/v2/api-docs] onto method [springfox.documentation.swagger2.web.Swagger2ControllerWebMvc#getDocumentation(String, HttpServletRequest)]
01:06:00:581  INFO 2800 --- [main] com.alibaba.nacos.common.remote.client   : [RpcClientFactory] create a new rpc client of 7a460edb-8a79-4af6-ae20-b356837c10da
01:06:00:615  INFO 2800 --- [main] org.reflections.Reflections              : Reflections took 19 ms to scan 1 urls, producing 3 keys and 6 values 
01:06:00:636  INFO 2800 --- [main] org.reflections.Reflections              : Reflections took 9 ms to scan 1 urls, producing 4 keys and 9 values 
01:06:00:647  INFO 2800 --- [main] org.reflections.Reflections              : Reflections took 9 ms to scan 1 urls, producing 3 keys and 10 values 
01:06:00:649  WARN 2800 --- [main] org.reflections.Reflections              : given scan urls are empty. set urls in the configuration
01:06:00:657  INFO 2800 --- [main] org.reflections.Reflections              : Reflections took 8 ms to scan 1 urls, producing 1 keys and 5 values 
01:06:00:667  INFO 2800 --- [main] org.reflections.Reflections              : Reflections took 8 ms to scan 1 urls, producing 1 keys and 7 values 
01:06:00:676  INFO 2800 --- [main] org.reflections.Reflections              : Reflections took 7 ms to scan 1 urls, producing 2 keys and 8 values 
01:06:00:678  WARN 2800 --- [main] org.reflections.Reflections              : given scan urls are empty. set urls in the configuration
01:06:00:679  INFO 2800 --- [main] com.alibaba.nacos.common.remote.client   : [7a460edb-8a79-4af6-ae20-b356837c10da] RpcClient init label, labels = {module=naming, source=sdk}
01:06:00:681  INFO 2800 --- [main] com.alibaba.nacos.common.remote.client   : [7a460edb-8a79-4af6-ae20-b356837c10da] RpcClient init, ServerListFactory = com.alibaba.nacos.client.naming.core.ServerListManager
01:06:00:681  INFO 2800 --- [main] com.alibaba.nacos.common.remote.client   : [7a460edb-8a79-4af6-ae20-b356837c10da] Registry connection listener to current client:com.alibaba.nacos.client.naming.remote.gprc.redo.NamingGrpcRedoService
01:06:00:682  INFO 2800 --- [main] com.alibaba.nacos.common.remote.client   : [7a460edb-8a79-4af6-ae20-b356837c10da] Register server push request handler:com.alibaba.nacos.client.naming.remote.gprc.NamingPushRequestHandler
01:06:00:683  INFO 2800 --- [main] com.alibaba.nacos.common.remote.client   : [7a460edb-8a79-4af6-ae20-b356837c10da] Try to connect to server on start up, server: {serverIp = '192.168.255.128', server main port = 8848}
01:06:02:356  INFO 2800 --- [main] com.alibaba.nacos.common.remote.client   : [7a460edb-8a79-4af6-ae20-b356837c10da] Success to connect to server [192.168.255.128:8848] on start up, connectionId = 1753742523461_192.168.255.1_11610
01:06:02:356  INFO 2800 --- [com.alibaba.nacos.client.remote.worker] com.alibaba.nacos.common.remote.client   : [7a460edb-8a79-4af6-ae20-b356837c10da] Notify connected event to listeners.
01:06:02:357  INFO 2800 --- [main] com.alibaba.nacos.common.remote.client   : [7a460edb-8a79-4af6-ae20-b356837c10da] Register server push request handler:com.alibaba.nacos.common.remote.client.RpcClient$ConnectResetRequestHandler
01:06:02:357  INFO 2800 --- [main] com.alibaba.nacos.common.remote.client   : [7a460edb-8a79-4af6-ae20-b356837c10da] Register server push request handler:com.alibaba.nacos.common.remote.client.RpcClient$$Lambda$980/0x000000080069a040
01:06:02:403  INFO 2800 --- [main] o.s.b.w.embedded.tomcat.TomcatWebServer  : Tomcat started on port(s): 8082 (http) with context path ''
01:06:02:414  INFO 2800 --- [main] c.a.c.n.registry.NacosServiceRegistry    : nacos registry, DEFAULT_GROUP cart-service 192.168.141.1:8082 register finished
01:06:02:867  INFO 2800 --- [nacos-grpc-client-executor-8] com.alibaba.nacos.common.remote.client   : [7a460edb-8a79-4af6-ae20-b356837c10da] Receive server push request, request = NotifySubscriberRequest, requestId = 4
01:06:02:869  INFO 2800 --- [nacos-grpc-client-executor-8] com.alibaba.nacos.common.remote.client   : [7a460edb-8a79-4af6-ae20-b356837c10da] Ack server push request, request = NotifySubscriberRequest, requestId = 4
01:06:02:869  INFO 2800 --- [main] d.s.w.p.DocumentationPluginsBootstrapper : Documentation plugins bootstrapped
01:06:02:873  INFO 2800 --- [main] d.s.w.p.DocumentationPluginsBootstrapper : Found 1 custom documentation plugin(s)
01:06:02:892  INFO 2800 --- [main] s.d.s.w.s.ApiListingReferenceScanner     : Scanning for api listing references
01:06:02:964  INFO 2800 --- [main] com.hmall.cart.CartApplication           : Started CartApplication in 8.394 seconds (JVM running for 9.72)
01:06:13:811  INFO 2800 --- [http-nio-8082-exec-1] o.a.c.c.C.[Tomcat].[localhost].[/]       : Initializing Spring DispatcherServlet 'dispatcherServlet'
01:06:13:811  INFO 2800 --- [http-nio-8082-exec-1] o.s.web.servlet.DispatcherServlet        : Initializing Servlet 'dispatcherServlet'
01:06:13:813  INFO 2800 --- [http-nio-8082-exec-1] o.s.web.servlet.DispatcherServlet        : Completed initialization in 0 ms
01:06:13:923  INFO 2800 --- [http-nio-8082-exec-1] com.zaxxer.hikari.HikariDataSource       : HikariPool-1 - Starting...
01:06:14:293  INFO 2800 --- [http-nio-8082-exec-1] com.zaxxer.hikari.HikariDataSource       : HikariPool-1 - Start completed.
01:06:14:302 DEBUG 2800 --- [http-nio-8082-exec-1] c.h.cart.mapper.CartMapper.selectList    : ==>  Preparing: SELECT id,user_id,item_id,num,name,spec,price,image,create_time,update_time FROM cart WHERE (user_id = ?)
01:06:14:323 DEBUG 2800 --- [http-nio-8082-exec-1] c.h.cart.mapper.CartMapper.selectList    : ==> Parameters: 1(Long)
01:06:14:362 DEBUG 2800 --- [http-nio-8082-exec-1] c.h.cart.mapper.CartMapper.selectList    : <==      Total: 1
01:06:15:062  INFO 2800 --- [nacos-grpc-client-executor-13] com.alibaba.nacos.common.remote.client   : [7a460edb-8a79-4af6-ae20-b356837c10da] Receive server push request, request = NotifySubscriberRequest, requestId = 5
01:06:15:063  INFO 2800 --- [nacos-grpc-client-executor-13] com.alibaba.nacos.common.remote.client   : [7a460edb-8a79-4af6-ae20-b356837c10da] Ack server push request, request = NotifySubscriberRequest, requestId = 5
01:30:29:675  INFO 2800 --- [nacos-grpc-client-executor-310] com.alibaba.nacos.common.remote.client   : [7a460edb-8a79-4af6-ae20-b356837c10da] Receive server push request, request = NotifySubscriberRequest, requestId = 6
01:30:29:679  INFO 2800 --- [nacos-grpc-client-executor-310] com.alibaba.nacos.common.remote.client   : [7a460edb-8a79-4af6-ae20-b356837c10da] Ack server push request, request = NotifySubscriberRequest, requestId = 6
01:30:31:731  WARN 2800 --- [Thread-4] c.a.nacos.common.notify.NotifyCenter     : [NotifyCenter] Start destroying Publisher
01:30:31:731  WARN 2800 --- [Thread-7] c.a.n.common.http.HttpClientBeanHolder   : [HttpClientBeanHolder] Start destroying common HttpClient
01:30:31:733  WARN 2800 --- [Thread-4] c.a.nacos.common.notify.NotifyCenter     : [NotifyCenter] Destruction of the end
01:30:31:733  WARN 2800 --- [Thread-7] c.a.n.common.http.HttpClientBeanHolder   : [HttpClientBeanHolder] Destruction of the end
01:30:32:117  INFO 2800 --- [SpringApplicationShutdownHook] c.a.c.n.registry.NacosServiceRegistry    : De-registering from Nacos Server now...
01:30:32:121  INFO 2800 --- [SpringApplicationShutdownHook] c.a.c.n.registry.NacosServiceRegistry    : De-registration finished.
01:30:32:454  INFO 2800 --- [SpringApplicationShutdownHook] com.alibaba.nacos.common.remote.client   : Shutdown rpc client, set status to shutdown
01:30:32:454  INFO 2800 --- [SpringApplicationShutdownHook] com.alibaba.nacos.common.remote.client   : Shutdown client event executor java.util.concurrent.ScheduledThreadPoolExecutor@57ee482[Running, pool size = 2, active threads = 2, queued tasks = 0, completed tasks = 0]
01:30:32:455  INFO 2800 --- [SpringApplicationShutdownHook] com.alibaba.nacos.common.remote.client   : Close current connection 1753742523461_192.168.255.1_11610
01:30:32:456  INFO 2800 --- [nacos-grpc-client-executor-313] c.a.n.c.remote.client.grpc.GrpcClient    : [1753742523461_192.168.255.1_11610]Ignore complete event,isRunning:false,isAbandon=false
01:30:32:459  INFO 2800 --- [SpringApplicationShutdownHook] c.a.n.c.remote.client.grpc.GrpcClient    : Shutdown grpc executor java.util.concurrent.ThreadPoolExecutor@2455cea1[Running, pool size = 6, active threads = 0, queued tasks = 0, completed tasks = 314]
01:30:32:463  INFO 2800 --- [SpringApplicationShutdownHook] com.zaxxer.hikari.HikariDataSource       : HikariPool-1 - Shutdown initiated...
01:30:32:482  INFO 2800 --- [SpringApplicationShutdownHook] com.zaxxer.hikari.HikariDataSource       : HikariPool-1 - Shutdown completed.
