01:05:49:236  INFO 21700 --- [main] com.hmall.item.ItemApplication           : Starting ItemApplication using Java 11.0.26 on LSY-631 with PID 21700 (G:\JavaProjects\heimall\hmall\item-service\target\classes started by 631 in G:\JavaProjects\heimall\hmall)
01:05:49:241 DEBUG 21700 --- [main] com.hmall.item.ItemApplication           : Running with Spring Boot v2.7.12, Spring v5.3.27
01:05:49:242  INFO 21700 --- [main] com.hmall.item.ItemApplication           : The following 1 profile is active: "local"
01:05:50:417  INFO 21700 --- [main] .s.d.r.c.RepositoryConfigurationDelegate : Multiple Spring Data modules found, entering strict repository configuration mode
01:05:50:420  INFO 21700 --- [main] .s.d.r.c.RepositoryConfigurationDelegate : Bootstrapping Spring Data Redis repositories in DEFAULT mode.
01:05:50:456  INFO 21700 --- [main] .s.d.r.c.RepositoryConfigurationDelegate : Finished Spring Data repository scanning in 11 ms. Found 0 Redis repository interfaces.
01:05:50:705  INFO 21700 --- [main] o.s.cloud.context.scope.GenericScope     : BeanFactory id=0a8fdbea-8f68-3b16-a97d-e738db71b54b
01:05:51:208  INFO 21700 --- [main] o.s.b.w.embedded.tomcat.TomcatWebServer  : Tomcat initialized with port(s): 8081 (http)
01:05:51:210  INFO 21700 --- [main] o.a.catalina.core.AprLifecycleListener   : Loaded Apache Tomcat Native library [2.0.7] using APR version [1.7.4].
01:05:51:210  INFO 21700 --- [main] o.a.catalina.core.AprLifecycleListener   : APR capabilities: IPv6 [true], sendfile [true], accept filters [false], random [true], UDS [true].
01:05:51:210  INFO 21700 --- [main] o.a.catalina.core.AprLifecycleListener   : APR/OpenSSL configuration: useAprConnector [false], useOpenSSL [true]
01:05:51:237  INFO 21700 --- [main] o.a.catalina.core.AprLifecycleListener   : OpenSSL successfully initialized [OpenSSL 3.0.13 30 Jan 2024]
01:05:51:254  INFO 21700 --- [main] o.apache.catalina.core.StandardService   : Starting service [Tomcat]
01:05:51:255  INFO 21700 --- [main] org.apache.catalina.core.StandardEngine  : Starting Servlet engine: [Apache Tomcat/9.0.75]
01:05:51:520  INFO 21700 --- [main] o.a.c.c.C.[Tomcat].[localhost].[/]       : Initializing Spring embedded WebApplicationContext
01:05:51:521  INFO 21700 --- [main] w.s.c.ServletWebServerApplicationContext : Root WebApplicationContext: initialization completed in 2225 ms
01:05:55:085  INFO 21700 --- [main] pertySourcedRequestMappingHandlerMapping : Mapped URL path [/v2/api-docs] onto method [springfox.documentation.swagger2.web.Swagger2ControllerWebMvc#getDocumentation(String, HttpServletRequest)]
01:05:56:163  INFO 21700 --- [main] com.alibaba.nacos.common.remote.client   : [RpcClientFactory] create a new rpc client of 8dbf0be6-cd5f-4fc2-9761-be87abf6cd5c
01:05:56:212  INFO 21700 --- [main] org.reflections.Reflections              : Reflections took 28 ms to scan 1 urls, producing 3 keys and 6 values 
01:05:56:243  INFO 21700 --- [main] org.reflections.Reflections              : Reflections took 9 ms to scan 1 urls, producing 4 keys and 9 values 
01:05:56:253  INFO 21700 --- [main] org.reflections.Reflections              : Reflections took 7 ms to scan 1 urls, producing 3 keys and 10 values 
01:05:56:256  WARN 21700 --- [main] org.reflections.Reflections              : given scan urls are empty. set urls in the configuration
01:05:56:264  INFO 21700 --- [main] org.reflections.Reflections              : Reflections took 8 ms to scan 1 urls, producing 1 keys and 5 values 
01:05:56:274  INFO 21700 --- [main] org.reflections.Reflections              : Reflections took 8 ms to scan 1 urls, producing 1 keys and 7 values 
01:05:56:283  INFO 21700 --- [main] org.reflections.Reflections              : Reflections took 7 ms to scan 1 urls, producing 2 keys and 8 values 
01:05:56:285  WARN 21700 --- [main] org.reflections.Reflections              : given scan urls are empty. set urls in the configuration
01:05:56:286  INFO 21700 --- [main] com.alibaba.nacos.common.remote.client   : [8dbf0be6-cd5f-4fc2-9761-be87abf6cd5c] RpcClient init label, labels = {module=naming, source=sdk}
01:05:56:289  INFO 21700 --- [main] com.alibaba.nacos.common.remote.client   : [8dbf0be6-cd5f-4fc2-9761-be87abf6cd5c] RpcClient init, ServerListFactory = com.alibaba.nacos.client.naming.core.ServerListManager
01:05:56:289  INFO 21700 --- [main] com.alibaba.nacos.common.remote.client   : [8dbf0be6-cd5f-4fc2-9761-be87abf6cd5c] Registry connection listener to current client:com.alibaba.nacos.client.naming.remote.gprc.redo.NamingGrpcRedoService
01:05:56:290  INFO 21700 --- [main] com.alibaba.nacos.common.remote.client   : [8dbf0be6-cd5f-4fc2-9761-be87abf6cd5c] Register server push request handler:com.alibaba.nacos.client.naming.remote.gprc.NamingPushRequestHandler
01:05:56:291  INFO 21700 --- [main] com.alibaba.nacos.common.remote.client   : [8dbf0be6-cd5f-4fc2-9761-be87abf6cd5c] Try to connect to server on start up, server: {serverIp = '192.168.255.128', server main port = 8848}
01:05:58:415  INFO 21700 --- [main] com.alibaba.nacos.common.remote.client   : [8dbf0be6-cd5f-4fc2-9761-be87abf6cd5c] Success to connect to server [192.168.255.128:8848] on start up, connectionId = 1753742519173_192.168.255.1_11542
01:05:58:415  INFO 21700 --- [com.alibaba.nacos.client.remote.worker] com.alibaba.nacos.common.remote.client   : [8dbf0be6-cd5f-4fc2-9761-be87abf6cd5c] Notify connected event to listeners.
01:05:58:416  INFO 21700 --- [main] com.alibaba.nacos.common.remote.client   : [8dbf0be6-cd5f-4fc2-9761-be87abf6cd5c] Register server push request handler:com.alibaba.nacos.common.remote.client.RpcClient$ConnectResetRequestHandler
01:05:58:417  INFO 21700 --- [main] com.alibaba.nacos.common.remote.client   : [8dbf0be6-cd5f-4fc2-9761-be87abf6cd5c] Register server push request handler:com.alibaba.nacos.common.remote.client.RpcClient$$Lambda$1066/0x0000000800743c40
01:05:58:461  INFO 21700 --- [main] o.s.b.w.embedded.tomcat.TomcatWebServer  : Tomcat started on port(s): 8081 (http) with context path ''
01:05:58:472  INFO 21700 --- [main] c.a.c.n.registry.NacosServiceRegistry    : nacos registry, DEFAULT_GROUP item-service 192.168.141.1:8081 register finished
01:05:58:995  INFO 21700 --- [nacos-grpc-client-executor-9] com.alibaba.nacos.common.remote.client   : [8dbf0be6-cd5f-4fc2-9761-be87abf6cd5c] Receive server push request, request = NotifySubscriberRequest, requestId = 3
01:05:58:999  INFO 21700 --- [nacos-grpc-client-executor-9] com.alibaba.nacos.common.remote.client   : [8dbf0be6-cd5f-4fc2-9761-be87abf6cd5c] Ack server push request, request = NotifySubscriberRequest, requestId = 3
01:05:59:030  INFO 21700 --- [main] d.s.w.p.DocumentationPluginsBootstrapper : Documentation plugins bootstrapped
01:05:59:032  INFO 21700 --- [main] d.s.w.p.DocumentationPluginsBootstrapper : Found 1 custom documentation plugin(s)
01:05:59:056  INFO 21700 --- [main] s.d.s.w.s.ApiListingReferenceScanner     : Scanning for api listing references
01:05:59:167  INFO 21700 --- [main] com.hmall.item.ItemApplication           : Started ItemApplication in 11.042 seconds (JVM running for 12.301)
01:06:14:583  INFO 21700 --- [http-nio-8081-exec-2] o.a.c.c.C.[Tomcat].[localhost].[/]       : Initializing Spring DispatcherServlet 'dispatcherServlet'
01:06:14:583  INFO 21700 --- [http-nio-8081-exec-2] o.s.web.servlet.DispatcherServlet        : Initializing Servlet 'dispatcherServlet'
01:06:14:584  INFO 21700 --- [http-nio-8081-exec-2] o.s.web.servlet.DispatcherServlet        : Completed initialization in 1 ms
01:06:14:639  INFO 21700 --- [http-nio-8081-exec-2] com.zaxxer.hikari.HikariDataSource       : HikariPool-1 - Starting...
01:06:14:859  INFO 21700 --- [http-nio-8081-exec-2] com.zaxxer.hikari.HikariDataSource       : HikariPool-1 - Start completed.
01:06:14:864 DEBUG 21700 --- [http-nio-8081-exec-2] c.h.i.mapper.ItemMapper.selectBatchIds   : ==>  Preparing: SELECT id,name,price,stock,image,category,brand,spec,sold,comment_count,isAD,status,create_time,update_time,creater,updater FROM item WHERE id IN ( ? )
01:06:14:879 DEBUG 21700 --- [http-nio-8081-exec-2] c.h.i.mapper.ItemMapper.selectBatchIds   : ==> Parameters: 100000006163(Long)
01:06:14:896 DEBUG 21700 --- [http-nio-8081-exec-2] c.h.i.mapper.ItemMapper.selectBatchIds   : <==      Total: 1
01:30:28:786  WARN 21700 --- [Thread-7] c.a.n.common.http.HttpClientBeanHolder   : [HttpClientBeanHolder] Start destroying common HttpClient
01:30:28:786  WARN 21700 --- [Thread-4] c.a.nacos.common.notify.NotifyCenter     : [NotifyCenter] Start destroying Publisher
01:30:28:787  WARN 21700 --- [Thread-4] c.a.nacos.common.notify.NotifyCenter     : [NotifyCenter] Destruction of the end
01:30:28:788  WARN 21700 --- [Thread-7] c.a.n.common.http.HttpClientBeanHolder   : [HttpClientBeanHolder] Destruction of the end
01:30:29:196  INFO 21700 --- [SpringApplicationShutdownHook] c.a.c.n.registry.NacosServiceRegistry    : De-registering from Nacos Server now...
01:30:29:200  INFO 21700 --- [SpringApplicationShutdownHook] c.a.c.n.registry.NacosServiceRegistry    : De-registration finished.
01:30:29:536  INFO 21700 --- [SpringApplicationShutdownHook] com.alibaba.nacos.common.remote.client   : Shutdown rpc client, set status to shutdown
01:30:29:536  INFO 21700 --- [SpringApplicationShutdownHook] com.alibaba.nacos.common.remote.client   : Shutdown client event executor java.util.concurrent.ScheduledThreadPoolExecutor@5f1882d9[Running, pool size = 2, active threads = 2, queued tasks = 0, completed tasks = 0]
01:30:29:536  INFO 21700 --- [SpringApplicationShutdownHook] com.alibaba.nacos.common.remote.client   : Close current connection 1753742519173_192.168.255.1_11542
01:30:29:537  INFO 21700 --- [nacos-grpc-client-executor-315] c.a.n.c.remote.client.grpc.GrpcClient    : [1753742519173_192.168.255.1_11542]Ignore complete event,isRunning:false,isAbandon=false
01:30:29:541  INFO 21700 --- [SpringApplicationShutdownHook] c.a.n.c.remote.client.grpc.GrpcClient    : Shutdown grpc executor java.util.concurrent.ThreadPoolExecutor@5d89f288[Running, pool size = 5, active threads = 0, queued tasks = 0, completed tasks = 316]
01:30:29:545  INFO 21700 --- [SpringApplicationShutdownHook] com.zaxxer.hikari.HikariDataSource       : HikariPool-1 - Shutdown initiated...
01:30:29:561  INFO 21700 --- [SpringApplicationShutdownHook] com.zaxxer.hikari.HikariDataSource       : HikariPool-1 - Shutdown completed.
